<?xml version="1.0" encoding="UTF-8"?>
<!-- Generated by org.testng.reporters.JUnitXMLReporter -->
<testsuite hostname="WLAP-93" ignored="0" name="waitlist_Login Test1" tests="5" failures="0" timestamp="2023-04-10T19:50:34 IST" time="76.551" errors="0">
  <testcase name="loginTest" time="12.105" classname="com.waitlist.testCases.TC_LoginTest_001"/>
  <testcase name="loginDDT" time="8.528" classname="com.waitlist.testCases.TC_LoginTest_002_DataDriven"/>
  <testcase name="loginDDT" time="8.493" classname="com.waitlist.testCases.TC_LoginTest_002_DataDriven"/>
  <testcase name="loginDDT" time="14.91" classname="com.waitlist.testCases.TC_LoginTest_002_DataDriven"/>
  <testcase name="signupTest" time="21.326" classname="com.waitlist.testCases.TC_SignupTest_003"/>
</testsuite> <!-- waitlist_Login Test1 -->
