<?xml version="1.0" encoding="UTF-8"?>
<!-- Generated by org.testng.reporters.JUnitXMLReporter -->
<testsuite hostname="WLAP-93" ignored="0" name="waitlist_Login Test2" tests="5" failures="0" timestamp="2023-04-10T19:52:01 IST" time="86.616" errors="0">
  <testcase name="loginTest" time="12.533" classname="com.waitlist.testCases.TC_LoginTest_001"/>
  <testcase name="loginDDT" time="9.019" classname="com.waitlist.testCases.TC_LoginTest_002_DataDriven"/>
  <testcase name="loginDDT" time="9.034" classname="com.waitlist.testCases.TC_LoginTest_002_DataDriven"/>
  <testcase name="loginDDT" time="17.346" classname="com.waitlist.testCases.TC_LoginTest_002_DataDriven"/>
  <testcase name="signupTest" time="19.725" classname="com.waitlist.testCases.TC_SignupTest_003"/>
</testsuite> <!-- waitlist_Login Test2 -->
