<?xml version="1.0" encoding="UTF-8"?>
<!-- Generated by org.testng.reporters.JUnitXMLReporter -->
<testsuite ignored="0" hostname="WLAP-93" failures="0" tests="3" name="Default test" time="20.055" errors="0" timestamp="31 Mar 2023 11:10:28 GMT">
  <testcase classname="testArtifact.Cases_Test" name="Case1" time="7.7"/>
  <testcase classname="testArtifact.Cases_Test" name="Case3" time="3.77"/>
  <testcase classname="testArtifact.Cases_Test" name="Case4" time="8.519"/>
</testsuite> <!-- Default test -->
