<?xml version="1.0" encoding="UTF-8"?>
<!-- Generated by org.testng.reporters.JUnitXMLReporter -->
<testsuite ignored="0" hostname="WLAP-93" failures="0" tests="7" name="Default test" time="47.895" errors="0" timestamp="2023-04-07T14:53:03 IST">
  <testcase classname="loginTest.Test1" name="enter_URL" time="11.419"/>
  <testcase classname="loginTest.Test1" name="click_Login" time="3.562"/>
  <testcase classname="loginTest.Test1" name="enter_Credentials" time="4.356"/>
  <testcase classname="loginTest.Test1" name="enter_Credentials" time="4.326"/>
  <testcase classname="loginTest.Test1" name="enter_Credentials" time="4.383"/>
  <testcase classname="loginTest.Test1" name="submit_Login" time="4.559"/>
  <testcase classname="loginTest.Test1" name="return_LoginPage" time="6.194"/>
</testsuite> <!-- Default test -->
