# JRE version: Java(TM) SE Runtime Environment (8.0_201-b09) (build 1.8.0_201-b09)
# Java VM: Java HotSpot(TM) 64-Bit Server VM (25.201-b09 mixed mode windows-amd64 compressed oops)
Heap:
 PSYoungGen      total 51200K, used 11191K [0x000000078ab00000, 0x000000078e800000, 0x00000007c0000000)
  eden space 39936K, 11% used [0x000000078ab00000,0x000000078af95cb8,0x000000078d200000)
  from space 11264K, 57% used [0x000000078d200000,0x000000078d858000,0x000000078dd00000)
  to   space 10752K, 10% used [0x000000078dd80000,0x000000078de90000,0x000000078e800000)
 ParOldGen       total 109568K, used 10358K [0x0000000720000000, 0x0000000726b00000, 0x000000078ab00000)
  object space 109568K, 9% used [0x0000000720000000,0x0000000720a1da88,0x0000000726b00000)
 Metaspace       used 18905K, capacity 19354K, committed 19456K, reserved 1071104K
  class space    used 2148K, capacity 2288K, committed 2304K, reserved 1048576K
GC Heap History (10 events):
Event: 10.486 GC heap before
{Heap before GC invocations=3 (full 0):
 PSYoungGen      total 47616K, used 47600K [0x000000078ab00000, 0x000000078e000000, 0x00000007c0000000)
  eden space 40960K, 100% used [0x000000078ab00000,0x000000078d300000,0x000000078d300000)
  from space 6656K, 99% used [0x000000078d980000,0x000000078dffc0c0,0x000000078e000000)
  to   space 6656K, 0% used [0x000000078d300000,0x000000078d300000,0x000000078d980000)
 ParOldGen       total 109568K, used 2111K [0x0000000720000000, 0x0000000726b00000, 0x000000078ab00000)
  object space 109568K, 1% used [0x0000000720000000,0x000000072020ffb8,0x0000000726b00000)
 Metaspace       used 15023K, capacity 15264K, committed 15488K, reserved 1062912K
  class space    used 1812K, capacity 1912K, committed 1920K, reserved 1048576K
Event: 10.504 GC heap after
Heap after GC invocations=3 (full 0):
 PSYoungGen      total 47616K, used 6624K [0x000000078ab00000, 0x000000078e000000, 0x00000007c0000000)
  eden space 40960K, 0% used [0x000000078ab00000,0x000000078ab00000,0x000000078d300000)
  from space 6656K, 99% used [0x000000078d300000,0x000000078d978040,0x000000078d980000)
  to   space 6656K, 0% used [0x000000078d980000,0x000000078d980000,0x000000078e000000)
 ParOldGen       total 109568K, used 3014K [0x0000000720000000, 0x0000000726b00000, 0x000000078ab00000)
  object space 109568K, 2% used [0x0000000720000000,0x00000007202f1b10,0x0000000726b00000)
 Metaspace       used 15023K, capacity 15264K, committed 15488K, reserved 1062912K
  class space    used 1812K, capacity 1912K, committed 1920K, reserved 1048576K
}
Event: 14.568 GC heap before
{Heap before GC invocations=4 (full 0):
 PSYoungGen      total 47616K, used 47584K [0x000000078ab00000, 0x000000078e000000, 0x00000007c0000000)
  eden space 40960K, 100% used [0x000000078ab00000,0x000000078d300000,0x000000078d300000)
  from space 6656K, 99% used [0x000000078d300000,0x000000078d978040,0x000000078d980000)
  to   space 6656K, 0% used [0x000000078d980000,0x000000078d980000,0x000000078e000000)
 ParOldGen       total 109568K, used 3014K [0x0000000720000000, 0x0000000726b00000, 0x000000078ab00000)
  object space 109568K, 2% used [0x0000000720000000,0x00000007202f1b10,0x0000000726b00000)
 Metaspace       used 15563K, capacity 15878K, committed 16000K, reserved 1062912K
  class space    used 1843K, capacity 1919K, committed 1920K, reserved 1048576K
Event: 14.588 GC heap after
Heap after GC invocations=4 (full 0):
 PSYoungGen      total 47616K, used 6624K [0x000000078ab00000, 0x000000078e000000, 0x00000007c0000000)
  eden space 40960K, 0% used [0x000000078ab00000,0x000000078ab00000,0x000000078d300000)
  from space 6656K, 99% used [0x000000078d980000,0x000000078dff8020,0x000000078e000000)
  to   space 6656K, 0% used [0x000000078d300000,0x000000078d300000,0x000000078d980000)
 ParOldGen       total 109568K, used 5279K [0x0000000720000000, 0x0000000726b00000, 0x000000078ab00000)
  object space 109568K, 4% used [0x0000000720000000,0x0000000720527d20,0x0000000726b00000)
 Metaspace       used 15563K, capacity 15878K, committed 16000K, reserved 1062912K
  class space    used 1843K, capacity 1919K, committed 1920K, reserved 1048576K
}
Event: 18.649 GC heap before
{Heap before GC invocations=5 (full 0):
 PSYoungGen      total 47616K, used 47584K [0x000000078ab00000, 0x000000078e000000, 0x00000007c0000000)
  eden space 40960K, 100% used [0x000000078ab00000,0x000000078d300000,0x000000078d300000)
  from space 6656K, 99% used [0x000000078d980000,0x000000078dff8020,0x000000078e000000)
  to   space 6656K, 0% used [0x000000078d300000,0x000000078d300000,0x000000078d980000)
 ParOldGen       total 109568K, used 5279K [0x0000000720000000, 0x0000000726b00000, 0x000000078ab00000)
  object space 109568K, 4% used [0x0000000720000000,0x0000000720527d20,0x0000000726b00000)
 Metaspace       used 16776K, capacity 17212K, committed 17536K, reserved 1064960K
  class space    used 1954K, capacity 2092K, committed 2176K, reserved 1048576K
Event: 18.703 GC heap after
Heap after GC invocations=5 (full 0):
 PSYoungGen      total 47104K, used 6656K [0x000000078ab00000, 0x000000078e880000, 0x00000007c0000000)
  eden space 40448K, 0% used [0x000000078ab00000,0x000000078ab00000,0x000000078d280000)
  from space 6656K, 100% used [0x000000078d300000,0x000000078d980000,0x000000078d980000)
  to   space 11264K, 0% used [0x000000078dd80000,0x000000078dd80000,0x000000078e880000)
 ParOldGen       total 109568K, used 8308K [0x0000000720000000, 0x0000000726b00000, 0x000000078ab00000)
  object space 109568K, 7% used [0x0000000720000000,0x000000072081d208,0x0000000726b00000)
 Metaspace       used 16776K, capacity 17212K, committed 17536K, reserved 1064960K
  class space    used 1954K, capacity 2092K, committed 2176K, reserved 1048576K
}
Event: 23.701 GC heap before
{Heap before GC invocations=6 (full 0):
 PSYoungGen      total 47104K, used 47104K [0x000000078ab00000, 0x000000078e880000, 0x00000007c0000000)
  eden space 40448K, 100% used [0x000000078ab00000,0x000000078d280000,0x000000078d280000)
  from space 6656K, 100% used [0x000000078d300000,0x000000078d980000,0x000000078d980000)
  to   space 11264K, 0% used [0x000000078dd80000,0x000000078dd80000,0x000000078e880000)
 ParOldGen       total 109568K, used 8308K [0x0000000720000000, 0x0000000726b00000, 0x000000078ab00000)
  object space 109568K, 7% used [0x0000000720000000,0x000000072081d208,0x0000000726b00000)
 Metaspace       used 18466K, capacity 18906K, committed 19200K, reserved 1067008K
  class space    used 2110K, capacity 2224K, committed 2304K, reserved 1048576K
Event: 23.740 GC heap after
Heap after GC invocations=6 (full 0):
 PSYoungGen      total 50688K, used 9522K [0x000000078ab00000, 0x000000078e800000, 0x00000007c0000000)
  eden space 39936K, 0% used [0x000000078ab00000,0x000000078ab00000,0x000000078d200000)
  from space 10752K, 88% used [0x000000078dd80000,0x000000078e6cc950,0x000000078e800000)
  to   space 11264K, 0% used [0x000000078d200000,0x000000078d200000,0x000000078dd00000)
 ParOldGen       total 109568K, used 8316K [0x0000000720000000, 0x0000000726b00000, 0x000000078ab00000)
  object space 109568K, 7% used [0x0000000720000000,0x000000072081f208,0x0000000726b00000)
 Metaspace       used 18466K, capacity 18906K, committed 19200K, reserved 1067008K
  class space    used 2110K, capacity 2224K, committed 2304K, reserved 1048576K
}
Event: 24.708 GC heap before
{Heap before GC invocations=7 (full 0):
 PSYoungGen      total 50688K, used 49458K [0x000000078ab00000, 0x000000078e800000, 0x00000007c0000000)
  eden space 39936K, 100% used [0x000000078ab00000,0x000000078d200000,0x000000078d200000)
  from space 10752K, 88% used [0x000000078dd80000,0x000000078e6cc950,0x000000078e800000)
  to   space 11264K, 0% used [0x000000078d200000,0x000000078d200000,0x000000078dd00000)
 ParOldGen       total 109568K, used 8316K [0x0000000720000000, 0x0000000726b00000, 0x000000078ab00000)
  object space 109568K, 7% used [0x0000000720000000,0x000000072081f208,0x0000000726b00000)
 Metaspace       used 18573K, capacity 19034K, committed 19200K, reserved 1067008K
  class space    used 2110K, capacity 2224K, committed 2304K, reserved 1048576K
Event: 24.731 GC heap after
Heap after GC invocations=7 (full 0):
 PSYoungGen      total 51200K, used 6496K [0x000000078ab00000, 0x000000078e800000, 0x00000007c0000000)
  eden space 39936K, 0% used [0x000000078ab00000,0x000000078ab00000,0x000000078d200000)
  from space 11264K, 57% used [0x000000078d200000,0x000000078d858000,0x000000078dd00000)
  to   space 10752K, 0% used [0x000000078dd80000,0x000000078dd80000,0x000000078e800000)
 ParOldGen       total 109568K, used 9966K [0x0000000720000000, 0x0000000726b00000, 0x000000078ab00000)
  object space 109568K, 9% used [0x0000000720000000,0x00000007209bba88,0x0000000726b00000)
 Metaspace       used 18573K, capacity 19034K, committed 19200K, reserved 1067008K
  class space    used 2110K, capacity 2224K, committed 2304K, reserved 1048576K
}

